<?xml version="1.0" encoding="UTF-8"?>
<testsuite xmlns:xsi="http://www.w3.org/2001/XMLSchema-instance" xsi:noNamespaceSchemaLocation="https://maven.apache.org/surefire/maven-surefire-plugin/xsd/surefire-test-report-3.0.xsd" version="3.0" name="edu.eci.arsw.blueprints.test.persistence.impl.InMemoryPersistenceTest" time="0.091" tests="5" errors="0" skipped="0" failures="0">
  <properties>
    <property name="java.specification.version" value="17"/>
    <property name="sun.cpu.isalist" value="amd64"/>
    <property name="sun.jnu.encoding" value="Cp1252"/>
    <property name="java.class.path" value="C:\Users\emily\OneDrive\Documentos\Octavo Semestre\ARSW\Tercio 1\Lab4-ARSW\LabCompleto\target\test-classes;C:\Users\emily\OneDrive\Documentos\Octavo Semestre\ARSW\Tercio 1\Lab4-ARSW\LabCompleto\target\classes;C:\Users\emily\.m2\repository\org\springframework\spring-core\4.2.4.RELEASE\spring-core-4.2.4.RELEASE.jar;C:\Users\emily\.m2\repository\commons-logging\commons-logging\1.2\commons-logging-1.2.jar;C:\Users\emily\.m2\repository\org\springframework\spring-context\4.2.4.RELEASE\spring-context-4.2.4.RELEASE.jar;C:\Users\emily\.m2\repository\org\springframework\spring-aop\4.2.4.RELEASE\spring-aop-4.2.4.RELEASE.jar;C:\Users\emily\.m2\repository\aopalliance\aopalliance\1.0\aopalliance-1.0.jar;C:\Users\emily\.m2\repository\org\springframework\spring-beans\4.2.4.RELEASE\spring-beans-4.2.4.RELEASE.jar;C:\Users\emily\.m2\repository\org\springframework\spring-expression\4.2.4.RELEASE\spring-expression-4.2.4.RELEASE.jar;C:\Users\emily\.m2\repository\junit\junit\4.12\junit-4.12.jar;C:\Users\emily\.m2\repository\org\hamcrest\hamcrest-core\1.3\hamcrest-core-1.3.jar;"/>
    <property name="java.vm.vendor" value="Oracle Corporation"/>
    <property name="sun.arch.data.model" value="64"/>
    <property name="user.variant" value=""/>
    <property name="java.vendor.url" value="https://java.oracle.com/"/>
    <property name="user.timezone" value="America/Bogota"/>
    <property name="os.name" value="Windows 11"/>
    <property name="java.vm.specification.version" value="17"/>
    <property name="sun.java.launcher" value="SUN_STANDARD"/>
    <property name="user.country" value="CO"/>
    <property name="sun.boot.library.path" value="C:\workspace\jdk-17.0.12_windows-x64_bin\jdk-17.0.12\bin"/>
    <property name="sun.java.command" value="C:\Users\emily\AppData\Local\Temp\surefire2072425050360863552\surefirebooter-20250910152637693_3.jar C:\Users\emily\AppData\Local\Temp\surefire2072425050360863552 2025-09-10T15-26-37_441-jvmRun1 surefire-20250910152637693_1tmp surefire_0-20250910152637693_2tmp"/>
    <property name="jdk.debug" value="release"/>
    <property name="surefire.test.class.path" value="C:\Users\emily\OneDrive\Documentos\Octavo Semestre\ARSW\Tercio 1\Lab4-ARSW\LabCompleto\target\test-classes;C:\Users\emily\OneDrive\Documentos\Octavo Semestre\ARSW\Tercio 1\Lab4-ARSW\LabCompleto\target\classes;C:\Users\emily\.m2\repository\org\springframework\spring-core\4.2.4.RELEASE\spring-core-4.2.4.RELEASE.jar;C:\Users\emily\.m2\repository\commons-logging\commons-logging\1.2\commons-logging-1.2.jar;C:\Users\emily\.m2\repository\org\springframework\spring-context\4.2.4.RELEASE\spring-context-4.2.4.RELEASE.jar;C:\Users\emily\.m2\repository\org\springframework\spring-aop\4.2.4.RELEASE\spring-aop-4.2.4.RELEASE.jar;C:\Users\emily\.m2\repository\aopalliance\aopalliance\1.0\aopalliance-1.0.jar;C:\Users\emily\.m2\repository\org\springframework\spring-beans\4.2.4.RELEASE\spring-beans-4.2.4.RELEASE.jar;C:\Users\emily\.m2\repository\org\springframework\spring-expression\4.2.4.RELEASE\spring-expression-4.2.4.RELEASE.jar;C:\Users\emily\.m2\repository\junit\junit\4.12\junit-4.12.jar;C:\Users\emily\.m2\repository\org\hamcrest\hamcrest-core\1.3\hamcrest-core-1.3.jar;"/>
    <property name="sun.cpu.endian" value="little"/>
    <property name="user.home" value="C:\Users\emily"/>
    <property name="user.language" value="es"/>
    <property name="java.specification.vendor" value="Oracle Corporation"/>
    <property name="java.version.date" value="2024-07-16"/>
    <property name="java.home" value="C:\workspace\jdk-17.0.12_windows-x64_bin\jdk-17.0.12"/>
    <property name="file.separator" value="\"/>
    <property name="basedir" value="C:\Users\emily\OneDrive\Documentos\Octavo Semestre\ARSW\Tercio 1\Lab4-ARSW\LabCompleto"/>
    <property name="java.vm.compressedOopsMode" value="Zero based"/>
    <property name="line.separator" value="&#10;"/>
    <property name="java.vm.specification.vendor" value="Oracle Corporation"/>
    <property name="java.specification.name" value="Java Platform API Specification"/>
    <property name="surefire.real.class.path" value="C:\Users\emily\AppData\Local\Temp\surefire2072425050360863552\surefirebooter-20250910152637693_3.jar"/>
    <property name="user.script" value=""/>
    <property name="sun.management.compiler" value="HotSpot 64-Bit Tiered Compilers"/>
    <property name="java.runtime.version" value="17.0.12+8-LTS-286"/>
    <property name="user.name" value="emily"/>
    <property name="path.separator" value=";"/>
    <property name="os.version" value="10.0"/>
    <property name="java.runtime.name" value="Java(TM) SE Runtime Environment"/>
    <property name="file.encoding" value="Cp1252"/>
    <property name="java.vm.name" value="Java HotSpot(TM) 64-Bit Server VM"/>
    <property name="localRepository" value="C:\Users\emily\.m2\repository"/>
    <property name="java.vendor.url.bug" value="https://bugreport.java.com/bugreport/"/>
    <property name="java.io.tmpdir" value="C:\Users\emily\AppData\Local\Temp\"/>
    <property name="java.version" value="17.0.12"/>
    <property name="user.dir" value="C:\Users\emily\OneDrive\Documentos\Octavo Semestre\ARSW\Tercio 1\Lab4-ARSW\LabCompleto"/>
    <property name="os.arch" value="amd64"/>
    <property name="java.vm.specification.name" value="Java Virtual Machine Specification"/>
    <property name="sun.os.patch.level" value=""/>
    <property name="native.encoding" value="Cp1252"/>
    <property name="java.library.path" value="C:\workspace\jdk-17.0.12_windows-x64_bin\jdk-17.0.12\bin;C:\WINDOWS\Sun\Java\bin;C:\WINDOWS\system32;C:\WINDOWS;C:\Program Files (x86)\VMware\VMware Workstation\bin\;C:\Program Files (x86)\Common Files\Oracle\Java\javapath;C:\Python312\Scripts\;C:\Python312\;C:\windows\system32;C:\windows;C:\windows\System32\Wbem;C:\windows\System32\WindowsPowerShell\v1.0\;C:\windows\System32\OpenSSH\;C:\workspace\apache-maven-3.9.9-bin\apache-maven-3.9.9\bin;C:\Program Files (x86)\NVIDIA Corporation\PhysX\Common;C:\Program Files\NVIDIA Corporation\NVIDIA NvDLISR;C:\Program Files\HP\HP One Agent;C:\Program Files\Git\cmd;C:\Program Files\nodejs\;C:\ProgramData\chocolatey\bin;C:\WINDOWS\system32;C:\WINDOWS;C:\WINDOWS\System32\Wbem;C:\WINDOWS\System32\WindowsPowerShell\v1.0\;C:\WINDOWS\System32\OpenSSH\;C:\workspace\jdk-17.0.12_windows-x64_bin\jdk-17.0.12\bin;C:\Program Files\dotnet\;C:\Program Files (x86)\dotnet\;;C:\Program Files\Docker\Docker\resources\bin;C:\Users\emily\AppData\Local\Microsoft\WindowsApps;C:\Users\emily\AppData\Local\Programs\Microsoft VS Code\bin;C:\Users\emily\AppData\Roaming\npm;C:\Users\emily\AppData\Local\GitHubDesktop\bin;C:\Program Files\Azure Data Studio\bin;C:\Program Files\MongoDB\Server\8.0\bin;C:\Program Files\MongoDB\Server\8.0\mongosh\mongosh-2.4.2-win32-x64\mongosh-2.4.2-win32-x64\bin;;."/>
    <property name="java.vm.info" value="mixed mode, sharing"/>
    <property name="java.vendor" value="Oracle Corporation"/>
    <property name="java.vm.version" value="17.0.12+8-LTS-286"/>
    <property name="sun.io.unicode.encoding" value="UnicodeLittle"/>
    <property name="java.class.version" value="61.0"/>
  </properties>
  <testcase name="testGetAllBlueprints" classname="edu.eci.arsw.blueprints.test.persistence.impl.InMemoryPersistenceTest" time="0.0"/>
  <testcase name="testGetBlueprintsByAuthor" classname="edu.eci.arsw.blueprints.test.persistence.impl.InMemoryPersistenceTest" time="0.0"/>
  <testcase name="saveExistingBpTest" classname="edu.eci.arsw.blueprints.test.persistence.impl.InMemoryPersistenceTest" time="0.0"/>
  <testcase name="saveNewAndLoadTest" classname="edu.eci.arsw.blueprints.test.persistence.impl.InMemoryPersistenceTest" time="0.0"/>
  <testcase name="testSaveAndGetBlueprint" classname="edu.eci.arsw.blueprints.test.persistence.impl.InMemoryPersistenceTest" time="0.0"/>
</testsuite>